[2025-05-20 01:00:45] USER NaTurPa2005: 📰 Последние новости
[2025-05-20 01:00:48] BOT: 
            <b>Трамп заявил о желании Ватикана принять у себя переговоры Москвы и Киева
        Политика, 20:44</b>
            <i>2025-05-19T20:44:51+03:00</i>

            Ватикан заявил о желании провести у себя переговоры России и Украины по урегулированию конфликта, сообщил президент США Дональд Трамп. «Ватикан в лице папы римского заявил, что был бы очень заинтересован в проведении переговоров», — написал он в своем Truth Social. Сделать Святой престол местом проведения прямых переговоров Москвы и Киева предложил папа римский Лев XIV тремя днями ранее, 16 мая. Госсекретарь Ватикана Пьетро Паролин назвал тогда ситуацию с переговорами по Украине «очень сложной и...
            <a href="https://www.rbc.ru/rbcfreenews/682b6da69a794783340efa88?from=newsfeed">Читать полностью →</a>
            
[2025-05-20 01:00:48] BOT: 
            <b>Трамп заявил, что Россия и Украина немедленно начнут переговоры
        Политика, 20:40</b>
            <i>2025-05-19T20:40:23+03:00</i>

            Россия и Украина «немедленно» начнут переговоры. Об этом заявил президент США Дональд Трамп после разговора с президентом России Владимиром Путиным в своем соцсети Truth Social. «Условия для этого будут согласованы между двумя сторонами», — заявил Трамп. По его словам, это «возможно только потому, что они знают детали», которые никто больше не знает. Ранее президент России Владимир Путин заявил, что «Россия [готова] работать с украинской сторонойнад меморандумомпо поводу возможного будущего мирн...
            <a href="https://www.rbc.ru/politics/19/05/2025/682b6ce89a79475372ca7530?from=newsfeed">Читать полностью →</a>
            
[2025-05-20 01:00:49] BOT: 
            <b>Трамп назвал очень хорошим телефонный разговор с Путиным
        Политика, 20:40</b>
            <i>2025-05-19T20:40:23+03:00</i>

            Разговор прошел очень хорошо, его тон и дух были «превосходными», заявил Трамп. Третьи телефонные переговоры политиков продолжались чуть более двух часов Президент США Дональд Трамп заявил, что его более чем двухчасовой разговор с российским коллегой Владимиром Путиным прошел очень хорошо. Об этом он написал в соцсети Truth Social. «Только что закончился мой двухчасовой разговор с президентом России Владимиром Путиным. Я считаю, что он прошел очень хорошо», — написал он. Тон и дух разговора были...
            <a href="https://www.rbc.ru/politics/19/05/2025/682b6c6f9a7947b1b57dccb4?from=newsfeed">Читать полностью →</a>
            
[2025-05-20 01:00:49] BOT: 
            <b>World Athletics разрешила иностранцам участвовать в турнирах в России
        Спорт, 20:35</b>
            <i>2025-05-19T20:35:25+03:00</i>

            ВФЛА сообщила, что, несмотря на отстранение россиян, иностранные спортсмены и судьи могут приезжать на российские соревнования и получать за участие в них деньги, если речь идет о турнирах международного календаря World Athletics подтвердила всем национальным федерациям возможность для иностранных спортсменов, рефери и других специалистов участвовать в национальных соревнованиях в России,сообщилапресс-служба Всероссийской федерации легкой атлетики (ВФЛА). Речь идет о соревнованиях, включенных в ...
            <a href="https://www.rbc.ru/sport/19/05/2025/682b5fd09a7947a56eae68d8?from=newsfeed">Читать полностью →</a>
            
[2025-05-20 01:00:49] BOT: 
            <b>В Ростовской области ввели режим ЧС после весенних заморозков
        Политика, 20:34</b>
            <i>2025-05-19T20:34:54+03:00</i>

            Власти Ростовской области ввели режим ЧС в регионе из-за состояния посевов, поврежденных весенними заморозками,сообщаетврио губернатора Юрий Слюсарь. «Весенние заморозки затронули большинство сельскохозяйственных районов нашего региона, оказав значительное влияние на состояние посевов. Подписал распоряжение, в соответствии с которым в Ростовской области с 18 часов 19 мая вводится режим ЧС», — написал Слюсарь в своем телеграм-канале. Такая мера даст аграриям возможность «оформить страховые выплат...
            <a href="https://www.rbc.ru/rbcfreenews/682b60169a79470f895d8f4a?from=newsfeed">Читать полностью →</a>
            
[2025-05-20 01:00:49] BOT: Выберите следующее действие:
[2025-05-20 01:00:54] USER NaTurPa2005: 🔍 Поиск новостей
[2025-05-20 01:00:54] BOT: 🔍 Введите ключевое слово для поиска:
[2025-05-20 01:01:01] USER NaTurPa2005: Jordan
[2025-05-20 01:01:02] BOT: 
            <b>The First Him Trailer Tackles You With Ominous Sports Horror</b> (Gizmodo.com)
            Directed by Justin Tipping and produced by Jordan Peele, Him hits theaters September 19.
            <a href="https://gizmodo.com/the-first-him-trailer-tackles-you-with-ominous-sports-horror-2000591452">Читать полностью →</a>
            
[2025-05-20 01:01:03] BOT: 
            <b>BBC joins Gaza children as they are evacuated to Jordan for treatment</b> (BBC News)
            The BBC's Fergal Keane accompanies children being evacuated from Gaza on their journey to Jordan.
            <a href="https://www.bbc.com/news/articles/cg5v2rjp84ro">Читать полностью →</a>
            
[2025-05-20 01:01:03] BOT: 
            <b>Aviron Victory Treadmill Review: Get Low</b> (Wired)
            Entry-level exercisers will love Aviron’s low profile and tons of addicting exercise content.
            <a href="https://www.wired.com/review/aviron-victory-treadmill/">Читать полностью →</a>
            
[2025-05-20 01:01:03] BOT: Выберите следующее действие:
[2025-05-20 01:01:08] USER NaTurPa2005: 📂 Категории
[2025-05-20 01:01:08] BOT: 📂 Выберите категорию новостей:
[2025-05-20 01:01:10] USER NaTurPa2005: Выбрана категория: sports
[2025-05-20 01:01:11] BOT: 
            <b>Brewers Select Easton McGee, Option Tobias Myers - MLB Trade Rumors</b> (MLB Trade Rumors)
            Milwaukee shuffles a fresh arm onto the staff for his Brewers debut. Visit MLB Trade Rumors for more.
            <a href="https://www.mlbtraderumors.com/2025/05/brewers-select-easton-mcgee-option-tobias-myers.html">Читать полностью →</a>
            
[2025-05-20 01:01:11] BOT: 
            <b>Arsenal 1-0 Newcastle: Raya, Rice seal Champions League, second for Gunners - NBC Sports</b> (NBCSports.com)
            Arsenal sealed second-place on the Premier League table and a return to the UEFA Champions League with a 1-0 win over Newcastle United at the Emirates Stadium on Sunday.
            <a href="https://www.nbcsports.com/soccer/news/arsenal-vs-newcastle-live-updates-watch-live-score-analysis-highlights">Читать полностью →</a>
            
[2025-05-20 01:01:11] BOT: 
            <b>Dodgers Designate Chris Taylor For Assignment - MLB Trade Rumors</b> (MLB Trade Rumors)
            Los Angeles parts ways with the longtime utilityman and former NLCS MVP. Visit MLB Trade Rumors for more.
            <a href="https://www.mlbtraderumors.com/2025/05/dodgers-designate-chris-taylor-for-assignment.html">Читать полностью →</a>
            
[2025-05-20 01:01:12] BOT: Выберите следующее действие:
[2025-05-20 01:01:13] USER NaTurPa2005: ℹ️ Помощь
[2025-05-20 01:01:13] BOT: 
    ℹ️ <b>Справка по использованию бота</b>

    <b>📰 Последние новости</b> - 5 свежих новостей с rbc.ru
    <b>🔍 Поиск новостей</b> - поиск по ключевому слову
    <b>📂 Категории</b> - новости по категориям

    После выполнения команды бот вернёт вас в главное меню.
    
